time="2024-02-21T20:54:59+03:00" level=info msg="create router" func="main.main()" file="app.go:15"
time="2024-02-21T20:54:59+03:00" level=info msg="start app" func="main.start()" file="app.go:25"
time="2024-02-21T20:54:59+03:00" level=info msg="listening port :8080" func="main.start()" file="app.go:36"
time="2024-02-22T11:22:35+03:00" level=info msg="create router" func="main.main()" file="app.go:20"
time="2024-02-22T11:22:35+03:00" level=info msg="read configuration" func="app.go/cmd/internal/config.GetConfig.func1()" file="config.go:25"
time="2024-02-22T11:22:35+03:00" level=info msg="start app" func="main.start()" file="app.go:32"
time="2024-02-22T11:22:35+03:00" level=info msg="listen tcp" func="main.start()" file="app.go:49"
time="2024-02-22T11:22:35+03:00" level=info msg="listening port 0.0.0.0:10000" func="main.start()" file="app.go:62"
time="2024-02-22T11:23:40+03:00" level=info msg="create router" func="main.main()" file="app.go:20"
time="2024-02-22T11:23:40+03:00" level=info msg="read configuration" func="app.go/cmd/internal/config.GetConfig.func1()" file="config.go:25"
time="2024-02-22T11:23:40+03:00" level=info msg="start app" func="main.start()" file="app.go:32"
time="2024-02-22T11:23:40+03:00" level=info msg="listen tcp" func="main.start()" file="app.go:49"
time="2024-02-22T11:23:40+03:00" level=info msg="listening port 0.0.0.0:10000" func="main.start()" file="app.go:62"
time="2024-02-22T11:28:09+03:00" level=info msg="create router" func="main.main()" file="app.go:20"
time="2024-02-22T11:28:09+03:00" level=info msg="read configuration" func="app.go/cmd/internal/config.GetConfig.func1()" file="config.go:25"
time="2024-02-22T11:28:09+03:00" level=info msg="start app" func="main.start()" file="app.go:32"
time="2024-02-22T11:28:09+03:00" level=info msg="create socket" func="main.start()" file="app.go:42"
time="2024-02-22T11:28:09+03:00" level=info msg="listen unix socket" func="main.start()" file="app.go:45"
time="2024-02-22T11:28:09+03:00" level=info msg="listening unix socket: /tmp/go-build3985873602/b001/exe/app.sock" func="main.start()" file="app.go:47"
time="2024-02-28T03:18:12+03:00" level=info msg="create router" func="main.main()" file="app.go:23"
time="2024-02-28T03:18:12+03:00" level=info msg="read configuration" func="app.go/cmd/internal/config.GetConfig.func1()" file="config.go:34"
